+-----------+-----------------------+---------------------+--------+--------+
| player_id | name                  | birthday            | height | weight |
+-----------+-----------------------+---------------------+--------+--------+
|        10 | Aaron Meijers         | 1987-10-28 00:00:00 |    175 |    170 |
|        11 | Aaron Mokoena         | 1980-11-25 00:00:00 |    183 |    181 |
|        12 | Aaron Mooy            | 1990-09-15 00:00:00 |    175 |    150 |
|        13 | Aaron Muirhead        | 1990-08-30 00:00:00 |    188 |    168 |
|        14 | Aaron Niguez          | 1989-04-26 00:00:00 |    170 |    143 |
|        15 | Aaron Ramsey          | 1990-12-26 00:00:00 |    178 |    154 |
|        16 | Aaron Splaine         | 1996-10-13 00:00:00 |    173 |    163 |
|        17 | Aaron Taylor-Sinclair | 1991-04-08 00:00:00 |    183 |    176 |
|        18 | Aaron Wilbraham       | 1979-10-21 00:00:00 |    190 |    159 |
|        19 | Aatif Chahechouhe     | 1986-07-02 00:00:00 |    175 |    150 |
+-----------+-----------------------+---------------------+--------+--------+
10 rows in set (0.00 sec)

+-----------+--------------------+---------------------+--------+--------+----------------+-----------+----------------+---------------------+---------------------+----------+-----------+------------------+---------------+---------+-----------+-------+--------------------+--------------+--------------+--------------+--------------+---------+-----------+---------+------------+---------+---------+----------+------------+------------+---------------+-------------+--------+-----------+---------+-----------------+----------------+-----------+-------------+------------+----------------+-------------+
| player_id | name               | birthday            | height | weight | overall_rating | potential | preferred_foot | attacking_work_rate | defensive_work_rate | crossing | finishing | heading_accuracy | short_passing | volleys | dribbling | curve | free_kick_accuracy | long_passing | ball_control | acceleration | sprint_speed | agility | reactions | balance | shot_power | jumping | stamina | strength | long_shots | aggression | interceptions | positioning | vision | penalties | marking | standing_tackle | sliding_tackle | gk_diving | gk_handling | gk_kicking | gk_positioning | gk_reflexes |
+-----------+--------------------+---------------------+--------+--------+----------------+-----------+----------------+---------------------+---------------------+----------+-----------+------------------+---------------+---------+-----------+-------+--------------------+--------------+--------------+--------------+--------------+---------+-----------+---------+------------+---------+---------+----------+------------+------------+---------------+-------------+--------+-----------+---------+-----------------+----------------+-----------+-------------+------------+----------------+-------------+
|         1 | Aaron Appindangoye | 1992-02-29 00:00:00 |    183 |    187 |             67 |        71 | right          | medium              | medium              |       49 |        44 |               71 |            61 |      44 |        51 |    45 |                 39 |           64 |           49 |           60 |           64 |      59 |        47 |      65 |         55 |      58 |      54 |       76 |         35 |         71 |            70 |          45 |     54 |        48 |      65 |              69 |             69 |         6 |          11 |         10 |              8 |           8 |
+-----------+--------------------+---------------------+--------+--------+----------------+-----------+----------------+---------------------+---------------------+----------+-----------+------------------+---------------+---------+-----------+-------+--------------------+--------------+--------------+--------------+--------------+---------+-----------+---------+------------+---------+---------+----------+------------+------------+---------------+-------------+--------+-----------+---------+-----------------+----------------+-----------+-------------+------------+----------------+-------------+
1 row in set (0.00 sec)
