+-------------------+-----------+-----------+
| name              | season    | player_id |
+-------------------+-----------+-----------+
| Antolin Alcaraz   | 2008/2009 |       872 |
| Bernt Evens       | 2008/2009 |      1254 |
| Jeroen Simaeys    | 2008/2009 |      4879 |
| Jonathan Blondel  | 2008/2009 |      5164 |
| Joseph Akpala     | 2008/2009 |      5378 |
| Karel Geraerts    | 2008/2009 |      5629 |
| Koen Daerden      | 2008/2009 |      5860 |
| Laurent Ciman     | 2008/2009 |      5998 |
| Marc-Andre Kruska | 2008/2009 |      6607 |
| Michael Klukowski | 2008/2009 |      7371 |
| Mohamed Dahmane   | 2008/2009 |      7652 |
| Nabil Dirar       | 2008/2009 |      7763 |
| Philippe Clement  | 2008/2009 |      8607 |
| Ronald Vargas     | 2008/2009 |      9214 |
| Stijn Stijnen     | 2008/2009 |     10069 |
+-------------------+-----------+-----------+
15 rows in set (0.00 sec)

mysql> SELECT P.name, PTH.season, P.player_id  FROM footyfiend.Teams
as T, footyfiend.PlayerTeamHistory AS PTH, footyfiend.Players AS P  WHERE PTH.team_id = T.team_id AND P.player_id = PTH.player_id  AND PTH.team_id = 12 ORDER BY PTH.season, P.name LIMIT 20;
+--------------------+-----------+-----------+
| name               | season    | player_id |
+--------------------+-----------+-----------+
| Antolin Alcaraz    | 2008/2009 |       872 |
| Bernt Evens        | 2008/2009 |      1254 |
| Jeroen Simaeys     | 2008/2009 |      4879 |
| Jonathan Blondel   | 2008/2009 |      5164 |
| Joseph Akpala      | 2008/2009 |      5378 |
| Karel Geraerts     | 2008/2009 |      5629 |
| Koen Daerden       | 2008/2009 |      5860 |
| Laurent Ciman      | 2008/2009 |      5998 |
| Marc-Andre Kruska  | 2008/2009 |      6607 |
| Michael Klukowski  | 2008/2009 |      7371 |
| Mohamed Dahmane    | 2008/2009 |      7652 |
| Nabil Dirar        | 2008/2009 |      7763 |
| Philippe Clement   | 2008/2009 |      8607 |
| Ronald Vargas      | 2008/2009 |      9214 |
| Stijn Stijnen      | 2008/2009 |     10069 |
| Vadis Odjidja-Ofoe | 2008/2009 |     10541 |
| Wesley Sonck       | 2008/2009 |     10769 |
| Antolin Alcaraz    | 2009/2010 |       872 |
| Carl Hoefkens      | 2009/2010 |      1521 |
| Daan van Gijseghem | 2009/2010 |      2020 |
+--------------------+-----------+-----------+
20 rows in set (0.00 sec)

mysql> ^C
mysql> exit
Bye
â¯ mysql -u root -p
Enter password:
Welcome to the MySQL monitor.  Commands end with ; or \g.
Your MySQL connection id is 967
Server version: 8.0.33 MySQL Community Server - GPL

Copyright (c) 2000, 2023, Oracle and/or its affiliates.

Oracle is a registered trademark of Oracle Corporation and/or its
affiliates. Other names may be trademarks of their respective
owners.

Type 'help;' or '\h' for help. Type '\c' to clear the current input statement.

mysql> source /Users/justin/cs348/cs348-project/sample-sql/feature-10a-sample-input.sql
+---------------------------------+-----------+-----------+
| name                            | season    | player_id |
+---------------------------------+-----------+-----------+
| Antolin Alcaraz                 | 2008/2009 |       872 |
| Bernt Evens                     | 2008/2009 |      1254 |
| Jeroen Simaeys                  | 2008/2009 |      4879 |
| Jonathan Blondel                | 2008/2009 |      5164 |
| Joseph Akpala                   | 2008/2009 |      5378 |
| Karel Geraerts                  | 2008/2009 |      5629 |
| Koen Daerden                    | 2008/2009 |      5860 |
| Laurent Ciman                   | 2008/2009 |      5998 |
| Marc-Andre Kruska               | 2008/2009 |      6607 |
| Michael Klukowski               | 2008/2009 |      7371 |
| Mohamed Dahmane                 | 2008/2009 |      7652 |
| Nabil Dirar                     | 2008/2009 |      7763 |
| Philippe Clement                | 2008/2009 |      8607 |
| Ronald Vargas                   | 2008/2009 |      9214 |
| Stijn Stijnen                   | 2008/2009 |     10069 |
| Vadis Odjidja-Ofoe              | 2008/2009 |     10541 |
| Wesley Sonck                    | 2008/2009 |     10769 |
| Antolin Alcaraz                 | 2009/2010 |       872 |
| Carl Hoefkens                   | 2009/2010 |      1521 |
| Daan van Gijseghem              | 2009/2010 |      2020 |
| Daniel Chavez                   | 2009/2010 |      2113 |
| Dorge Kouemaha                  | 2009/2010 |      2767 |
| Geert De Vlieger                | 2009/2010 |      3718 |
| Gertjan De Mets                 | 2009/2010 |      3794 |
| Ivan Perisic                    | 2009/2010 |      4468 |
| Jeroen Simaeys                  | 2009/2010 |      4879 |
| Jonathan Blondel                | 2009/2010 |      5164 |
| Jorn Vermeulen                  | 2009/2010 |      5300 |
| Joseph Akpala                   | 2009/2010 |      5378 |
| Karel Geraerts                  | 2009/2010 |      5629 |
| Koen Daerden                    | 2009/2010 |      5860 |
| Maxime Lestienne                | 2009/2010 |      7273 |
| Michael Klukowski               | 2009/2010 |      7371 |
| Mohamed Dahmane                 | 2009/2010 |      7652 |
| Nabil Dirar                     | 2009/2010 |      7763 |
| Peter van der Heyden            | 2009/2010 |      8573 |
| Ronald Vargas                   | 2009/2010 |      9214 |
| Ryan Donk                       | 2009/2010 |      9340 |
| Stijn Stijnen                   | 2009/2010 |     10069 |
| Vadis Odjidja-Ofoe              | 2009/2010 |     10541 |
| Wesley Sonck                    | 2009/2010 |     10769 |
| Carl Hoefkens                   | 2010/2011 |      1521 |
| Colin Coosemans                 | 2010/2011 |      1893 |
| Daan van Gijseghem              | 2010/2011 |      2020 |
| Dorge Kouemaha                  | 2010/2011 |      2767 |
| Geert De Vlieger                | 2010/2011 |      3718 |
| Ivan Perisic                    | 2010/2011 |      4468 |
| Jeroen Simaeys                  | 2010/2011 |      4879 |
| Jonathan Blondel                | 2010/2011 |      5164 |
| Joseph Akpala                   | 2010/2011 |      5378 |
| Junior Diaz                     | 2010/2011 |      5547 |
| Karel Geraerts                  | 2010/2011 |      5629 |
| Marcos Camozzato                | 2010/2011 |      6755 |
| Michael Klukowski               | 2010/2011 |      7371 |
| Nabil Dirar                     | 2010/2011 |      7763 |
| Peter van der Heyden            | 2010/2011 |      8573 |
| Ronald Vargas                   | 2010/2011 |      9214 |
| Ryan Donk                       | 2010/2011 |      9340 |
| Stijn Stijnen                   | 2010/2011 |     10069 |
| Thibaut van Acker               | 2010/2011 |     10197 |
| Vadis Odjidja-Ofoe              | 2010/2011 |     10541 |
| Wilfried Dalmat                 | 2010/2011 |     10779 |
| Bjoern Vleminckx                | 2011/2012 |      1280 |
| Bojan Jorgacevic                | 2011/2012 |      1304 |
| Carl Hoefkens                   | 2011/2012 |      1521 |
| Colin Coosemans                 | 2011/2012 |      1893 |
| Daan van Gijseghem              | 2011/2012 |      2020 |
| Fredrik Stenman                 | 2011/2012 |      3595 |
| Jannes Vansteenkiste            | 2011/2012 |      4663 |
| Jimmy De Jonghe                 | 2011/2012 |      4943 |
| Jonathan Blondel                | 2011/2012 |      5164 |
| Jordi Figueras                  | 2011/2012 |      5256 |
| Joseph Akpala                   | 2011/2012 |      5378 |
| Lior Rafaelov                   | 2011/2012 |      6182 |
| Marcos Camozzato                | 2011/2012 |      6755 |
| Maxime Lestienne                | 2011/2012 |      7273 |
| Michael Almebaeck               | 2011/2012 |      7334 |
| Mushaga Bakenga                 | 2011/2012 |      7746 |
| Nabil Dirar                     | 2011/2012 |      7763 |
| Niki Zimling                    | 2011/2012 |      7990 |
| Ryan Donk                       | 2011/2012 |      9340 |
| Thibaut van Acker               | 2011/2012 |     10197 |
| Thomas Meunier                  | 2011/2012 |     10242 |
| Tom Hoegli                      | 2011/2012 |     10379 |
| Vadis Odjidja-Ofoe              | 2011/2012 |     10541 |
| Victor Vazquez                  | 2011/2012 |     10626 |
| Vladan Kujovic                  | 2011/2012 |     10695 |
| Bart Buysse                     | 2012/2013 |      1115 |
| Birger Verstraete               | 2012/2013 |      1275 |
| Bjoern Vleminckx                | 2012/2013 |      1280 |
| Bojan Jorgacevic                | 2012/2013 |      1304 |
| Carl Hoefkens                   | 2012/2013 |      1521 |
| Carlos Bacca                    | 2012/2013 |      1538 |
| Eidur Gudjohnsen                | 2012/2013 |      2908 |
| Enock Kofi Adu                  | 2012/2013 |      3031 |
| Fredrik Stenman                 | 2012/2013 |      3595 |
| Ivan Trickovski                 | 2012/2013 |      4481 |
| Jesper Joergensen               | 2012/2013 |      4908 |
| Jim Larsen                      | 2012/2013 |      4936 |
| Jonathan Blondel                | 2012/2013 |      5164 |
| Jordi Figueras                  | 2012/2013 |      5256 |
| Joseph Akpala                   | 2012/2013 |      5378 |
| Laurens De Bock                 | 2012/2013 |      5993 |
| Lior Rafaelov                   | 2012/2013 |      6182 |
| Maxime Lestienne                | 2012/2013 |      7273 |
| Michael Almebaeck               | 2012/2013 |      7334 |
| Mohammed Tchite                 | 2012/2013 |      7677 |
| Niki Zimling                    | 2012/2013 |      7990 |
| Oscar Duarte                    | 2012/2013 |      8192 |
| Ryan Donk                       | 2012/2013 |      9340 |
| Thibaut van Acker               | 2012/2013 |     10197 |
| Thomas Meunier                  | 2012/2013 |     10242 |
| Tom Hoegli                      | 2012/2013 |     10379 |
| Vadis Odjidja-Ofoe              | 2012/2013 |     10541 |
| Victor Vazquez                  | 2012/2013 |     10626 |
| Vladan Kujovic                  | 2012/2013 |     10695 |
| Bjorn Engels                    | 2014/2015 |      1281 |
| Boli Bolingoli-Mbombo           | 2014/2015 |      1308 |
| Brandon Mechele                 | 2014/2015 |      1363 |
| Claudemir                       | 2014/2015 |      1855 |
| Davy de Fauw                    | 2014/2015 |      2469 |
| Felipe Gedoz                    | 2014/2015 |      3279 |
| Fernando                        | 2014/2015 |      3343 |
| Gato Silva                      | 2014/2015 |      3707 |
| Jesper Joergensen               | 2014/2015 |      4908 |
| Jose Izquierdo                  | 2014/2015 |      5331 |
| Laurens De Bock                 | 2014/2015 |      5993 |
| Lior Rafaelov                   | 2014/2015 |      6182 |
| Mathew Ryan                     | 2014/2015 |      7083 |
| Maxime Lestienne                | 2014/2015 |      7273 |
| Nicolas Castillo                | 2014/2015 |      7935 |
| Nikola Storm                    | 2014/2015 |      8013 |
| Obbi Oulare                     | 2014/2015 |      8080 |
| Oscar Duarte                    | 2014/2015 |      8192 |
| Ruud Vormer                     | 2014/2015 |      9333 |
| Stefano Denswil                 | 2014/2015 |      9929 |
| Thomas Meunier                  | 2014/2015 |     10242 |
| Timmy Simons                    | 2014/2015 |     10315 |
| Tom De Sutter                   | 2014/2015 |     10374 |
| Victor Vazquez                  | 2014/2015 |     10626 |
| Vladan Kujovic                  | 2014/2015 |     10695 |
| Waldemar Sobota                 | 2014/2015 |     10724 |
| Abdoulaye Diaby                 | 2015/2016 |        41 |
| Benoit Poulain                  | 2015/2016 |      1236 |
| Bjorn Engels                    | 2015/2016 |      1281 |
| Boli Bolingoli-Mbombo           | 2015/2016 |      1308 |
| Brandon Mechele                 | 2015/2016 |      1363 |
| Claudemir                       | 2015/2016 |      1855 |
| Davy de Fauw                    | 2015/2016 |      2469 |
| Dion Cools                      | 2015/2016 |      2697 |
| Felipe Gedoz                    | 2015/2016 |      3279 |
| Hans Vanaken                    | 2015/2016 |      4125 |
| Jean-Charles Castelletto        | 2015/2016 |      4770 |
| Jelle Vossen                    | 2015/2016 |      4823 |
| Jose Izquierdo                  | 2015/2016 |      5331 |
| Laurens De Bock                 | 2015/2016 |      5993 |
| Leandro Pereira                 | 2015/2016 |      6028 |
| Lior Rafaelov                   | 2015/2016 |      6182 |
| Ludovic Butelle                 | 2015/2016 |      6320 |
| Mikel Agu                       | 2015/2016 |      7541 |
| Obbi Oulare                     | 2015/2016 |      8080 |
| Oscar Duarte                    | 2015/2016 |      8192 |
| Ruud Vormer                     | 2015/2016 |      9333 |
| Sander Coopman                  | 2015/2016 |      9463 |
| Sebastien Bruzzese              | 2015/2016 |      9614 |
| Sinan Bolat                     | 2015/2016 |      9839 |
| Stefano Denswil                 | 2015/2016 |      9929 |
| Thomas Meunier                  | 2015/2016 |     10242 |
| Timmy Simons                    | 2015/2016 |     10315 |
| Tom De Sutter                   | 2015/2016 |     10374 |
| Tuur Dierckx                    | 2015/2016 |     10496 |
| Victor Vazquez                  | 2015/2016 |     10626 |
| Wesley Moraes Ferreira Da Silva | 2015/2016 |     10766 |
+---------------------------------+-----------+-----------+
